# JRE version: OpenJDK Runtime Environment Temurin-21.0.9+10 (21.0.9+10) (build 21.0.9+10-LTS)
# Java VM: OpenJDK 64-Bit Server VM Temurin-21.0.9+10 (21.0.9+10-LTS, mixed mode, sharing, tiered, compressed oops, compressed class ptrs, parallel gc, windows-amd64)
GC Precious Log:
 CardTable entry size: 512
 CPUs: 28 total, 28 available
 Memory: 32530M
 Large Page Support: Disabled
 NUMA Support: Disabled
 Compressed Oops: Enabled (32-bit)
 Alignments: Space 512K, Generation 512K, Heap 2M
 Heap Min Capacity: 100M
 Heap Initial Capacity: 100M
 Heap Max Capacity: 2G
 Pre-touch: Disabled
 Parallel Workers: 20
Heap:
 PSYoungGen      total 2048K, used 602K [0x00000000d5580000, 0x00000000d5880000, 0x0000000100000000)
  eden space 1536K, 10% used [0x00000000d5580000,0x00000000d55a6aa8,0x00000000d5700000)
  from space 512K, 87% used [0x00000000d5800000,0x00000000d5870000,0x00000000d5880000)
  to   space 512K, 0% used [0x00000000d5780000,0x00000000d5780000,0x00000000d5800000)
 ParOldGen       total 117760K, used 83383K [0x0000000080000000, 0x0000000087300000, 0x00000000d5580000)
  object space 117760K, 70% used [0x0000000080000000,0x000000008516dfa0,0x0000000087300000)
 Metaspace       used 66704K, committed 68160K, reserved 1114112K
  class space    used 7514K, committed 8128K, reserved 1048576K
GC Heap History (20 events):
Event: 11898.274 GC heap before
{Heap before GC invocations=315 (full 3):
 PSYoungGen      total 2048K, used 1823K [0x00000000d5580000, 0x00000000d5880000, 0x0000000100000000)
  eden space 1536K, 99% used [0x00000000d5580000,0x00000000d56fff38,0x00000000d5700000)
  from space 512K, 56% used [0x00000000d5780000,0x00000000d57c8000,0x00000000d5800000)
  to   space 512K, 0% used [0x00000000d5800000,0x00000000d5800000,0x00000000d5880000)
 ParOldGen       total 117760K, used 82543K [0x0000000080000000, 0x0000000087300000, 0x00000000d5580000)
  object space 117760K, 70% used [0x0000000080000000,0x000000008509bfa0,0x0000000087300000)
 Metaspace       used 66629K, committed 68096K, reserved 1114112K
  class space    used 7508K, committed 8128K, reserved 1048576K
}
Event: 11898.275 GC heap after
{Heap after GC invocations=315 (full 3):
 PSYoungGen      total 2048K, used 384K [0x00000000d5580000, 0x00000000d5880000, 0x0000000100000000)
  eden space 1536K, 0% used [0x00000000d5580000,0x00000000d5580000,0x00000000d5700000)
  from space 512K, 75% used [0x00000000d5800000,0x00000000d5860000,0x00000000d5880000)
  to   space 512K, 0% used [0x00000000d5780000,0x00000000d5780000,0x00000000d5800000)
 ParOldGen       total 117760K, used 82607K [0x0000000080000000, 0x0000000087300000, 0x00000000d5580000)
  object space 117760K, 70% used [0x0000000080000000,0x00000000850abfa0,0x0000000087300000)
 Metaspace       used 66629K, committed 68096K, reserved 1114112K
  class space    used 7508K, committed 8128K, reserved 1048576K
}
Event: 12009.230 GC heap before
{Heap before GC invocations=316 (full 3):
 PSYoungGen      total 2048K, used 1920K [0x00000000d5580000, 0x00000000d5880000, 0x0000000100000000)
  eden space 1536K, 100% used [0x00000000d5580000,0x00000000d5700000,0x00000000d5700000)
  from space 512K, 75% used [0x00000000d5800000,0x00000000d5860000,0x00000000d5880000)
  to   space 512K, 0% used [0x00000000d5780000,0x00000000d5780000,0x00000000d5800000)
 ParOldGen       total 117760K, used 82607K [0x0000000080000000, 0x0000000087300000, 0x00000000d5580000)
  object space 117760K, 70% used [0x0000000080000000,0x00000000850abfa0,0x0000000087300000)
 Metaspace       used 66631K, committed 68160K, reserved 1114112K
  class space    used 7508K, committed 8128K, reserved 1048576K
}
Event: 12009.231 GC heap after
{Heap after GC invocations=316 (full 3):
 PSYoungGen      total 2048K, used 416K [0x00000000d5580000, 0x00000000d5880000, 0x0000000100000000)
  eden space 1536K, 0% used [0x00000000d5580000,0x00000000d5580000,0x00000000d5700000)
  from space 512K, 81% used [0x00000000d5780000,0x00000000d57e8000,0x00000000d5800000)
  to   space 512K, 0% used [0x00000000d5800000,0x00000000d5800000,0x00000000d5880000)
 ParOldGen       total 117760K, used 82663K [0x0000000080000000, 0x0000000087300000, 0x00000000d5580000)
  object space 117760K, 70% used [0x0000000080000000,0x00000000850b9fa0,0x0000000087300000)
 Metaspace       used 66631K, committed 68160K, reserved 1114112K
  class space    used 7508K, committed 8128K, reserved 1048576K
}
Event: 12021.725 GC heap before
{Heap before GC invocations=317 (full 3):
 PSYoungGen      total 2048K, used 1951K [0x00000000d5580000, 0x00000000d5880000, 0x0000000100000000)
  eden space 1536K, 99% used [0x00000000d5580000,0x00000000d56ffff0,0x00000000d5700000)
  from space 512K, 81% used [0x00000000d5780000,0x00000000d57e8000,0x00000000d5800000)
  to   space 512K, 0% used [0x00000000d5800000,0x00000000d5800000,0x00000000d5880000)
 ParOldGen       total 117760K, used 82663K [0x0000000080000000, 0x0000000087300000, 0x00000000d5580000)
  object space 117760K, 70% used [0x0000000080000000,0x00000000850b9fa0,0x0000000087300000)
 Metaspace       used 66643K, committed 68160K, reserved 1114112K
  class space    used 7509K, committed 8128K, reserved 1048576K
}
Event: 12021.726 GC heap after
{Heap after GC invocations=317 (full 3):
 PSYoungGen      total 2048K, used 320K [0x00000000d5580000, 0x00000000d5880000, 0x0000000100000000)
  eden space 1536K, 0% used [0x00000000d5580000,0x00000000d5580000,0x00000000d5700000)
  from space 512K, 62% used [0x00000000d5800000,0x00000000d5850000,0x00000000d5880000)
  to   space 512K, 0% used [0x00000000d5780000,0x00000000d5780000,0x00000000d5800000)
 ParOldGen       total 117760K, used 82743K [0x0000000080000000, 0x0000000087300000, 0x00000000d5580000)
  object space 117760K, 70% used [0x0000000080000000,0x00000000850cdfa0,0x0000000087300000)
 Metaspace       used 66643K, committed 68160K, reserved 1114112K
  class space    used 7509K, committed 8128K, reserved 1048576K
}
Event: 12062.355 GC heap before
{Heap before GC invocations=318 (full 3):
 PSYoungGen      total 2048K, used 1856K [0x00000000d5580000, 0x00000000d5880000, 0x0000000100000000)
  eden space 1536K, 100% used [0x00000000d5580000,0x00000000d5700000,0x00000000d5700000)
  from space 512K, 62% used [0x00000000d5800000,0x00000000d5850000,0x00000000d5880000)
  to   space 512K, 0% used [0x00000000d5780000,0x00000000d5780000,0x00000000d5800000)
 ParOldGen       total 117760K, used 82743K [0x0000000080000000, 0x0000000087300000, 0x00000000d5580000)
  object space 117760K, 70% used [0x0000000080000000,0x00000000850cdfa0,0x0000000087300000)
 Metaspace       used 66654K, committed 68160K, reserved 1114112K
  class space    used 7509K, committed 8128K, reserved 1048576K
}
Event: 12062.355 GC heap after
{Heap after GC invocations=318 (full 3):
 PSYoungGen      total 2048K, used 384K [0x00000000d5580000, 0x00000000d5880000, 0x0000000100000000)
  eden space 1536K, 0% used [0x00000000d5580000,0x00000000d5580000,0x00000000d5700000)
  from space 512K, 75% used [0x00000000d5780000,0x00000000d57e0000,0x00000000d5800000)
  to   space 512K, 0% used [0x00000000d5800000,0x00000000d5800000,0x00000000d5880000)
 ParOldGen       total 117760K, used 82815K [0x0000000080000000, 0x0000000087300000, 0x00000000d5580000)
  object space 117760K, 70% used [0x0000000080000000,0x00000000850dffa0,0x0000000087300000)
 Metaspace       used 66654K, committed 68160K, reserved 1114112K
  class space    used 7509K, committed 8128K, reserved 1048576K
}
Event: 12715.018 GC heap before
{Heap before GC invocations=319 (full 3):
 PSYoungGen      total 2048K, used 1920K [0x00000000d5580000, 0x00000000d5880000, 0x0000000100000000)
  eden space 1536K, 100% used [0x00000000d5580000,0x00000000d5700000,0x00000000d5700000)
  from space 512K, 75% used [0x00000000d5780000,0x00000000d57e0000,0x00000000d5800000)
  to   space 512K, 0% used [0x00000000d5800000,0x00000000d5800000,0x00000000d5880000)
 ParOldGen       total 117760K, used 82815K [0x0000000080000000, 0x0000000087300000, 0x00000000d5580000)
  object space 117760K, 70% used [0x0000000080000000,0x00000000850dffa0,0x0000000087300000)
 Metaspace       used 66663K, committed 68160K, reserved 1114112K
  class space    used 7509K, committed 8128K, reserved 1048576K
}
Event: 12715.018 GC heap after
{Heap after GC invocations=319 (full 3):
 PSYoungGen      total 2048K, used 480K [0x00000000d5580000, 0x00000000d5880000, 0x0000000100000000)
  eden space 1536K, 0% used [0x00000000d5580000,0x00000000d5580000,0x00000000d5700000)
  from space 512K, 93% used [0x00000000d5800000,0x00000000d5878000,0x00000000d5880000)
  to   space 512K, 0% used [0x00000000d5780000,0x00000000d5780000,0x00000000d5800000)
 ParOldGen       total 117760K, used 82927K [0x0000000080000000, 0x0000000087300000, 0x00000000d5580000)
  object space 117760K, 70% used [0x0000000080000000,0x00000000850fbfa0,0x0000000087300000)
 Metaspace       used 66663K, committed 68160K, reserved 1114112K
  class space    used 7509K, committed 8128K, reserved 1048576K
}
Event: 12856.333 GC heap before
{Heap before GC invocations=320 (full 3):
 PSYoungGen      total 2048K, used 2016K [0x00000000d5580000, 0x00000000d5880000, 0x0000000100000000)
  eden space 1536K, 100% used [0x00000000d5580000,0x00000000d5700000,0x00000000d5700000)
  from space 512K, 93% used [0x00000000d5800000,0x00000000d5878000,0x00000000d5880000)
  to   space 512K, 0% used [0x00000000d5780000,0x00000000d5780000,0x00000000d5800000)
 ParOldGen       total 117760K, used 82927K [0x0000000080000000, 0x0000000087300000, 0x00000000d5580000)
  object space 117760K, 70% used [0x0000000080000000,0x00000000850fbfa0,0x0000000087300000)
 Metaspace       used 66667K, committed 68160K, reserved 1114112K
  class space    used 7509K, committed 8128K, reserved 1048576K
}
Event: 12856.335 GC heap after
{Heap after GC invocations=320 (full 3):
 PSYoungGen      total 2048K, used 448K [0x00000000d5580000, 0x00000000d5880000, 0x0000000100000000)
  eden space 1536K, 0% used [0x00000000d5580000,0x00000000d5580000,0x00000000d5700000)
  from space 512K, 87% used [0x00000000d5780000,0x00000000d57f0000,0x00000000d5800000)
  to   space 512K, 0% used [0x00000000d5800000,0x00000000d5800000,0x00000000d5880000)
 ParOldGen       total 117760K, used 83015K [0x0000000080000000, 0x0000000087300000, 0x00000000d5580000)
  object space 117760K, 70% used [0x0000000080000000,0x0000000085111fa0,0x0000000087300000)
 Metaspace       used 66667K, committed 68160K, reserved 1114112K
  class space    used 7509K, committed 8128K, reserved 1048576K
}
Event: 12969.695 GC heap before
{Heap before GC invocations=321 (full 3):
 PSYoungGen      total 2048K, used 1983K [0x00000000d5580000, 0x00000000d5880000, 0x0000000100000000)
  eden space 1536K, 99% used [0x00000000d5580000,0x00000000d56ffff8,0x00000000d5700000)
  from space 512K, 87% used [0x00000000d5780000,0x00000000d57f0000,0x00000000d5800000)
  to   space 512K, 0% used [0x00000000d5800000,0x00000000d5800000,0x00000000d5880000)
 ParOldGen       total 117760K, used 83015K [0x0000000080000000, 0x0000000087300000, 0x00000000d5580000)
  object space 117760K, 70% used [0x0000000080000000,0x0000000085111fa0,0x0000000087300000)
 Metaspace       used 66667K, committed 68160K, reserved 1114112K
  class space    used 7509K, committed 8128K, reserved 1048576K
}
Event: 12969.696 GC heap after
{Heap after GC invocations=321 (full 3):
 PSYoungGen      total 2048K, used 256K [0x00000000d5580000, 0x00000000d5880000, 0x0000000100000000)
  eden space 1536K, 0% used [0x00000000d5580000,0x00000000d5580000,0x00000000d5700000)
  from space 512K, 50% used [0x00000000d5800000,0x00000000d5840000,0x00000000d5880000)
  to   space 512K, 0% used [0x00000000d5780000,0x00000000d5780000,0x00000000d5800000)
 ParOldGen       total 117760K, used 83079K [0x0000000080000000, 0x0000000087300000, 0x00000000d5580000)
  object space 117760K, 70% used [0x0000000080000000,0x0000000085121fa0,0x0000000087300000)
 Metaspace       used 66667K, committed 68160K, reserved 1114112K
  class space    used 7509K, committed 8128K, reserved 1048576K
}
Event: 13015.045 GC heap before
{Heap before GC invocations=322 (full 3):
 PSYoungGen      total 2048K, used 1786K [0x00000000d5580000, 0x00000000d5880000, 0x0000000100000000)
  eden space 1536K, 99% used [0x00000000d5580000,0x00000000d56feaf0,0x00000000d5700000)
  from space 512K, 50% used [0x00000000d5800000,0x00000000d5840000,0x00000000d5880000)
  to   space 512K, 0% used [0x00000000d5780000,0x00000000d5780000,0x00000000d5800000)
 ParOldGen       total 117760K, used 83079K [0x0000000080000000, 0x0000000087300000, 0x00000000d5580000)
  object space 117760K, 70% used [0x0000000080000000,0x0000000085121fa0,0x0000000087300000)
 Metaspace       used 66674K, committed 68160K, reserved 1114112K
  class space    used 7509K, committed 8128K, reserved 1048576K
}
Event: 13015.046 GC heap after
{Heap after GC invocations=322 (full 3):
 PSYoungGen      total 2048K, used 416K [0x00000000d5580000, 0x00000000d5880000, 0x0000000100000000)
  eden space 1536K, 0% used [0x00000000d5580000,0x00000000d5580000,0x00000000d5700000)
  from space 512K, 81% used [0x00000000d5780000,0x00000000d57e8000,0x00000000d5800000)
  to   space 512K, 0% used [0x00000000d5800000,0x00000000d5800000,0x00000000d5880000)
 ParOldGen       total 117760K, used 83127K [0x0000000080000000, 0x0000000087300000, 0x00000000d5580000)
  object space 117760K, 70% used [0x0000000080000000,0x000000008512dfa0,0x0000000087300000)
 Metaspace       used 66674K, committed 68160K, reserved 1114112K
  class space    used 7509K, committed 8128K, reserved 1048576K
}
Event: 13270.715 GC heap before
{Heap before GC invocations=323 (full 3):
 PSYoungGen      total 2048K, used 1952K [0x00000000d5580000, 0x00000000d5880000, 0x0000000100000000)
  eden space 1536K, 100% used [0x00000000d5580000,0x00000000d5700000,0x00000000d5700000)
  from space 512K, 81% used [0x00000000d5780000,0x00000000d57e8000,0x00000000d5800000)
  to   space 512K, 0% used [0x00000000d5800000,0x00000000d5800000,0x00000000d5880000)
 ParOldGen       total 117760K, used 83127K [0x0000000080000000, 0x0000000087300000, 0x00000000d5580000)
  object space 117760K, 70% used [0x0000000080000000,0x000000008512dfa0,0x0000000087300000)
 Metaspace       used 66676K, committed 68160K, reserved 1114112K
  class space    used 7509K, committed 8128K, reserved 1048576K
}
Event: 13270.716 GC heap after
{Heap after GC invocations=323 (full 3):
 PSYoungGen      total 2048K, used 352K [0x00000000d5580000, 0x00000000d5880000, 0x0000000100000000)
  eden space 1536K, 0% used [0x00000000d5580000,0x00000000d5580000,0x00000000d5700000)
  from space 512K, 68% used [0x00000000d5800000,0x00000000d5858000,0x00000000d5880000)
  to   space 512K, 0% used [0x00000000d5780000,0x00000000d5780000,0x00000000d5800000)
 ParOldGen       total 117760K, used 83231K [0x0000000080000000, 0x0000000087300000, 0x00000000d5580000)
  object space 117760K, 70% used [0x0000000080000000,0x0000000085147fa0,0x0000000087300000)
 Metaspace       used 66676K, committed 68160K, reserved 1114112K
  class space    used 7509K, committed 8128K, reserved 1048576K
}
Event: 13270.835 GC heap before
{Heap before GC invocations=324 (full 3):
 PSYoungGen      total 2048K, used 1888K [0x00000000d5580000, 0x00000000d5880000, 0x0000000100000000)
  eden space 1536K, 100% used [0x00000000d5580000,0x00000000d5700000,0x00000000d5700000)
  from space 512K, 68% used [0x00000000d5800000,0x00000000d5858000,0x00000000d5880000)
  to   space 512K, 0% used [0x00000000d5780000,0x00000000d5780000,0x00000000d5800000)
 ParOldGen       total 117760K, used 83231K [0x0000000080000000, 0x0000000087300000, 0x00000000d5580000)
  object space 117760K, 70% used [0x0000000080000000,0x0000000085147fa0,0x0000000087300000)
 Metaspace       used 66676K, committed 68160K, reserved 1114112K
  class space    used 7509K, committed 8128K, reserved 1048576K
}
Event: 13270.836 GC heap after
{Heap after GC invocations=324 (full 3):
 PSYoungGen      total 2048K, used 384K [0x00000000d5580000, 0x00000000d5880000, 0x0000000100000000)
  eden space 1536K, 0% used [0x00000000d5580000,0x00000000d5580000,0x00000000d5700000)
  from space 512K, 75% used [0x00000000d5780000,0x00000000d57e0000,0x00000000d5800000)
  to   space 512K, 0% used [0x00000000d5800000,0x00000000d5800000,0x00000000d5880000)
 ParOldGen       total 117760K, used 83303K [0x0000000080000000, 0x0000000087300000, 0x00000000d5580000)
  object space 117760K, 70% used [0x0000000080000000,0x0000000085159fa0,0x0000000087300000)
 Metaspace       used 66676K, committed 68160K, reserved 1114112K
  class space    used 7509K, committed 8128K, reserved 1048576K
}

